D:\HOME\GAO HAIXIANG\EMTP\EMTP_FULL_WITHCTRL\RELEASE\S_EMTP.EXE
D:\HOME\GAO HAIXIANG\EMTP\EMTP_FULL_WITHCTRL\RELEASE\S_EMTP.PDB
D:\HOME\GAO HAIXIANG\EMTP\EMTP_FULL_WITHCTRL\S_EMTP\RELEASE\ACVOLTAGESOURCE.OBJ
D:\HOME\GAO HAIXIANG\EMTP\EMTP_FULL_WITHCTRL\S_EMTP\RELEASE\ASYCH5.OBJ
D:\HOME\GAO HAIXIANG\EMTP\EMTP_FULL_WITHCTRL\S_EMTP\RELEASE\BRANCHCURRENTMSRCOMP.OBJ
D:\HOME\GAO HAIXIANG\EMTP\EMTP_FULL_WITHCTRL\S_EMTP\RELEASE\BRANCHVOLTAGEMSRCOMP.OBJ
D:\HOME\GAO HAIXIANG\EMTP\EMTP_FULL_WITHCTRL\S_EMTP\RELEASE\BREAKER.OBJ
D:\HOME\GAO HAIXIANG\EMTP\EMTP_FULL_WITHCTRL\S_EMTP\RELEASE\CAPACITANCE.OBJ
D:\home\Gao Haixiang\EMTP\EMTP_full_withCtrl\S_EMTP\Release\cl.command.1.tlog
D:\home\Gao Haixiang\EMTP\EMTP_full_withCtrl\S_EMTP\Release\CL.read.1.tlog
D:\home\Gao Haixiang\EMTP\EMTP_full_withCtrl\S_EMTP\Release\CL.write.1.tlog
D:\HOME\GAO HAIXIANG\EMTP\EMTP_FULL_WITHCTRL\S_EMTP\RELEASE\COMPARATOR.OBJ
D:\HOME\GAO HAIXIANG\EMTP\EMTP_FULL_WITHCTRL\S_EMTP\RELEASE\COMPONENT.OBJ
D:\HOME\GAO HAIXIANG\EMTP\EMTP_FULL_WITHCTRL\S_EMTP\RELEASE\CONSTANTCTRLCOMP.OBJ
D:\HOME\GAO HAIXIANG\EMTP\EMTP_FULL_WITHCTRL\S_EMTP\RELEASE\CONTROLLEDVOLTAGESOURCE.OBJ
D:\HOME\GAO HAIXIANG\EMTP\EMTP_FULL_WITHCTRL\S_EMTP\RELEASE\CTRLCOMPONENT.OBJ
D:\HOME\GAO HAIXIANG\EMTP\EMTP_FULL_WITHCTRL\S_EMTP\RELEASE\D2TTRANS.OBJ
D:\HOME\GAO HAIXIANG\EMTP\EMTP_FULL_WITHCTRL\S_EMTP\RELEASE\DELAY.OBJ
D:\HOME\GAO HAIXIANG\EMTP\EMTP_FULL_WITHCTRL\S_EMTP\RELEASE\DIODE.OBJ
D:\HOME\GAO HAIXIANG\EMTP\EMTP_FULL_WITHCTRL\S_EMTP\RELEASE\DIODEWITHSC.OBJ
D:\HOME\GAO HAIXIANG\EMTP\EMTP_FULL_WITHCTRL\S_EMTP\RELEASE\EMTP.OBJ
D:\HOME\GAO HAIXIANG\EMTP\EMTP_FULL_WITHCTRL\S_EMTP\RELEASE\IGBT.OBJ
D:\HOME\GAO HAIXIANG\EMTP\EMTP_FULL_WITHCTRL\S_EMTP\RELEASE\IMPEDANCE.OBJ
D:\HOME\GAO HAIXIANG\EMTP\EMTP_FULL_WITHCTRL\S_EMTP\RELEASE\IMPULSEGENCOMP.OBJ
D:\HOME\GAO HAIXIANG\EMTP\EMTP_FULL_WITHCTRL\S_EMTP\RELEASE\INDUCGENANGLEMSR.OBJ
D:\HOME\GAO HAIXIANG\EMTP\EMTP_FULL_WITHCTRL\S_EMTP\RELEASE\INDUCGENERATOR.OBJ
D:\HOME\GAO HAIXIANG\EMTP\EMTP_FULL_WITHCTRL\S_EMTP\RELEASE\INDUCGENWRMSR.OBJ
D:\HOME\GAO HAIXIANG\EMTP\EMTP_FULL_WITHCTRL\S_EMTP\RELEASE\INDUCTANCE.OBJ
D:\HOME\GAO HAIXIANG\EMTP\EMTP_FULL_WITHCTRL\S_EMTP\RELEASE\INVERTER.OBJ
D:\HOME\GAO HAIXIANG\EMTP\EMTP_FULL_WITHCTRL\S_EMTP\RELEASE\LIMITER.OBJ
D:\home\Gao Haixiang\EMTP\EMTP_full_withCtrl\S_EMTP\Release\link.command.1.tlog
D:\home\Gao Haixiang\EMTP\EMTP_full_withCtrl\S_EMTP\Release\link.read.1.tlog
D:\home\Gao Haixiang\EMTP\EMTP_full_withCtrl\S_EMTP\Release\link.write.1.tlog
D:\HOME\GAO HAIXIANG\EMTP\EMTP_FULL_WITHCTRL\S_EMTP\RELEASE\MEASURECOMPONENT.OBJ
D:\HOME\GAO HAIXIANG\EMTP\EMTP_FULL_WITHCTRL\S_EMTP\RELEASE\MOTOR15.OBJ
D:\home\Gao Haixiang\EMTP\EMTP_full_withCtrl\S_EMTP\Release\mt.command.1.tlog
D:\home\Gao Haixiang\EMTP\EMTP_full_withCtrl\S_EMTP\Release\mt.read.1.tlog
D:\home\Gao Haixiang\EMTP\EMTP_full_withCtrl\S_EMTP\Release\mt.write.1.tlog
D:\HOME\GAO HAIXIANG\EMTP\EMTP_FULL_WITHCTRL\S_EMTP\RELEASE\MWSYNGENERATOR12.OBJ
D:\HOME\GAO HAIXIANG\EMTP\EMTP_FULL_WITHCTRL\S_EMTP\RELEASE\NEWIGBT.OBJ
D:\HOME\GAO HAIXIANG\EMTP\EMTP_FULL_WITHCTRL\S_EMTP\RELEASE\NODEVOLTAGEMSRCOMP.OBJ
D:\HOME\GAO HAIXIANG\EMTP\EMTP_FULL_WITHCTRL\S_EMTP\RELEASE\PCTRLCOMP.OBJ
D:\HOME\GAO HAIXIANG\EMTP\EMTP_FULL_WITHCTRL\S_EMTP\RELEASE\PHOTOVOLTAIC.OBJ
D:\HOME\GAO HAIXIANG\EMTP\EMTP_FULL_WITHCTRL\S_EMTP\RELEASE\PICTRLCOMP.OBJ
D:\HOME\GAO HAIXIANG\EMTP\EMTP_FULL_WITHCTRL\S_EMTP\RELEASE\PRCOORDINATE.OBJ
D:\HOME\GAO HAIXIANG\EMTP\EMTP_FULL_WITHCTRL\S_EMTP\RELEASE\PULSEGENCOMP.OBJ
D:\HOME\GAO HAIXIANG\EMTP\EMTP_FULL_WITHCTRL\S_EMTP\RELEASE\PWMCONVERTER.OBJ
D:\HOME\GAO HAIXIANG\EMTP\EMTP_FULL_WITHCTRL\S_EMTP\RELEASE\R2STRANS.OBJ
D:\HOME\GAO HAIXIANG\EMTP\EMTP_FULL_WITHCTRL\S_EMTP\RELEASE\RESISTANCE.OBJ
D:\HOME\GAO HAIXIANG\EMTP\EMTP_FULL_WITHCTRL\S_EMTP\RELEASE\S_EMTP.EXE.INTERMEDIATE.MANIFEST
D:\HOME\GAO HAIXIANG\EMTP\EMTP_FULL_WITHCTRL\S_EMTP\RELEASE\S_EMTP.OBJ
D:\HOME\GAO HAIXIANG\EMTP\EMTP_FULL_WITHCTRL\S_EMTP\RELEASE\S_EMTP_LINUX.OBJ
D:\HOME\GAO HAIXIANG\EMTP\EMTP_FULL_WITHCTRL\S_EMTP\RELEASE\S_EMTP_WIN32.OBJ
D:\HOME\GAO HAIXIANG\EMTP\EMTP_FULL_WITHCTRL\S_EMTP\RELEASE\S2RTRANS.OBJ
D:\HOME\GAO HAIXIANG\EMTP\EMTP_FULL_WITHCTRL\S_EMTP\RELEASE\SAMPLER.OBJ
D:\HOME\GAO HAIXIANG\EMTP\EMTP_FULL_WITHCTRL\S_EMTP\RELEASE\SELECTOR.OBJ
D:\HOME\GAO HAIXIANG\EMTP\EMTP_FULL_WITHCTRL\S_EMTP\RELEASE\SIGMACTRLCOMP.OBJ
D:\HOME\GAO HAIXIANG\EMTP\EMTP_FULL_WITHCTRL\S_EMTP\RELEASE\SIMPLEBRANCH.OBJ
D:\HOME\GAO HAIXIANG\EMTP\EMTP_FULL_WITHCTRL\S_EMTP\RELEASE\SINGENCOMP.OBJ
D:\HOME\GAO HAIXIANG\EMTP\EMTP_FULL_WITHCTRL\S_EMTP\RELEASE\SINGLEPHASETRANSFORMER.OBJ
D:\HOME\GAO HAIXIANG\EMTP\EMTP_FULL_WITHCTRL\S_EMTP\RELEASE\SYNCHGENERATOR.OBJ
D:\HOME\GAO HAIXIANG\EMTP\EMTP_FULL_WITHCTRL\S_EMTP\RELEASE\T2DTRANS.OBJ
D:\HOME\GAO HAIXIANG\EMTP\EMTP_FULL_WITHCTRL\S_EMTP\RELEASE\THREEPHASERECTIFIERBRIDGE.OBJ
D:\HOME\GAO HAIXIANG\EMTP\EMTP_FULL_WITHCTRL\S_EMTP\RELEASE\THREEPHASETRANSFORMER.OBJ
D:\HOME\GAO HAIXIANG\EMTP\EMTP_FULL_WITHCTRL\S_EMTP\RELEASE\TIMECONSTANT.OBJ
D:\HOME\GAO HAIXIANG\EMTP\EMTP_FULL_WITHCTRL\S_EMTP\RELEASE\TIMEDACVOLTAGESOURCE.OBJ
D:\HOME\GAO HAIXIANG\EMTP\EMTP_FULL_WITHCTRL\S_EMTP\RELEASE\TIMESWITCH.OBJ
D:\HOME\GAO HAIXIANG\EMTP\EMTP_FULL_WITHCTRL\S_EMTP\RELEASE\TRIANGLEGENCOMP.OBJ
D:\HOME\GAO HAIXIANG\EMTP\EMTP_FULL_WITHCTRL\S_EMTP\RELEASE\VC100.PDB
D:\HOME\GAO HAIXIANG\EMTP\EMTP_FULL_WITHCTRL\S_EMTP\RELEASE\WINDINDUCGENERATOR.OBJ
D:\HOME\GAO HAIXIANG\EMTP\EMTP_FULL_WITHCTRL\S_EMTP\RELEASE\WOUNDINDUCGENERATOR.OBJ
